[08:34:35] [main/INFO] [LaunchWrapper]: Loading tweak class name net.minecraftforge.fml.common.launcher.FMLServerTweaker
[08:34:35] [main/INFO] [LaunchWrapper]: Using primary tweak class name net.minecraftforge.fml.common.launcher.FMLServerTweaker
[08:34:35] [main/INFO] [LaunchWrapper]: Calling tweak class net.minecraftforge.fml.common.launcher.FMLServerTweaker
[08:34:35] [main/INFO] [FML]: Forge Mod Loader version 14.23.5.2859 for Minecraft 1.12.2 loading
[08:34:35] [main/INFO] [FML]: Java is OpenJDK 64-Bit Server VM, version 1.8.0_422, running on Linux:amd64:6.5.0-1025-azure, installed at /usr/lib/jvm/java-8-openjdk-amd64/jre
[08:34:35] [main/INFO] [FML]: Searching /workspaces/Blastercraft/servidor_minecraft/./mods for mods
[08:34:35] [main/INFO] [LaunchWrapper]: Loading tweak class name net.minecraftforge.fml.common.launcher.FMLInjectionAndSortingTweaker
[08:34:35] [main/INFO] [LaunchWrapper]: Loading tweak class name net.minecraftforge.fml.common.launcher.FMLDeobfTweaker
[08:34:35] [main/INFO] [LaunchWrapper]: Calling tweak class net.minecraftforge.fml.common.launcher.FMLInjectionAndSortingTweaker
[08:34:35] [main/INFO] [LaunchWrapper]: Calling tweak class net.minecraftforge.fml.common.launcher.FMLInjectionAndSortingTweaker
[08:34:35] [main/INFO] [LaunchWrapper]: Calling tweak class net.minecraftforge.fml.relauncher.CoreModManager$FMLPluginWrapper
[08:34:36] [main/INFO] [FML]: Found valid fingerprint for Minecraft Forge. Certificate fingerprint e3c3d50c7c986df74c645c0ac54639741c90a557
[08:34:36] [main/INFO] [LaunchWrapper]: Calling tweak class net.minecraftforge.fml.relauncher.CoreModManager$FMLPluginWrapper
[08:34:36] [main/INFO] [LaunchWrapper]: Calling tweak class net.minecraftforge.fml.common.launcher.FMLDeobfTweaker
[08:34:36] [main/INFO] [LaunchWrapper]: Loading tweak class name net.minecraftforge.fml.common.launcher.TerminalTweaker
[08:34:36] [main/INFO] [LaunchWrapper]: Calling tweak class net.minecraftforge.fml.common.launcher.TerminalTweaker
[08:34:37] [main/INFO] [LaunchWrapper]: Launching wrapped minecraft {net.minecraft.server.MinecraftServer}
[08:34:39] [Server thread/INFO] [net.minecraft.server.dedicated.DedicatedServer]: Starting minecraft server version 1.12.2
[08:34:39] [Server thread/INFO] [FML]: MinecraftForge v14.23.5.2859 Initialized
[08:34:39] [Server thread/INFO] [FML]: Starts to replace vanilla recipe ingredients with ore ingredients.
[08:34:39] [Server thread/INFO] [FML]: Invalid recipe found with multiple oredict ingredients in the same ingredient...
[08:34:39] [Server thread/INFO] [FML]: Replaced 1227 ore ingredients
[08:34:40] [Server thread/WARN] [FML]: Enabling removal of erroring Entities - USE AT YOUR OWN RISK
[08:34:40] [Server thread/WARN] [FML]: Enabling removal of erroring Tile Entities - USE AT YOUR OWN RISK
[08:34:40] [Server thread/INFO] [FML]: Searching /workspaces/Blastercraft/servidor_minecraft/./mods for mods
[08:34:40] [Server thread/INFO] [FML]: Forge Mod Loader has identified 6 mods to load
[08:34:40] [Server thread/WARN] [FML]: Missing English translation for FML: assets/fml/lang/en_us.lang
[08:34:40] [Server thread/WARN] [FML]: Missing English translation for antiquecities: assets/antiquecities/lang/en_us.lang
[08:34:40] [Server thread/FATAL] [FML]: net.minecraftforge.fml.common.MissingModsException: Mod antiquecities (Antique Cities) requires [antiqueatlas@[1.12.2-4.4.9,)]
[08:34:40] [Server thread/ERROR] [net.minecraft.server.MinecraftServer]: Encountered an unexpected exception
net.minecraftforge.fml.common.MissingModsException: Mod antiquecities (Antique Cities) requires [antiqueatlas@[1.12.2-4.4.9,)]
	at net.minecraftforge.fml.common.Loader.sortModList(Loader.java:266) ~[Loader.class:?]
	at net.minecraftforge.fml.common.Loader.loadMods(Loader.java:572) ~[Loader.class:?]
	at net.minecraftforge.fml.server.FMLServerHandler.beginServerLoading(FMLServerHandler.java:98) ~[FMLServerHandler.class:?]
	at net.minecraftforge.fml.common.FMLCommonHandler.onServerStart(FMLCommonHandler.java:333) ~[FMLCommonHandler.class:?]
	at net.minecraft.server.dedicated.DedicatedServer.func_71197_b(DedicatedServer.java:125) ~[nz.class:?]
	at net.minecraft.server.MinecraftServer.run(MinecraftServer.java:486) [MinecraftServer.class:?]
	at java.lang.Thread.run(Thread.java:750) [?:1.8.0_422]
[08:34:40] [Server thread/ERROR] [net.minecraft.server.MinecraftServer]: This crash report has been saved to: /workspaces/Blastercraft/servidor_minecraft/./crash-reports/crash-2024-10-16_08.34.40-server.txt
[08:34:40] [Server thread/INFO] [net.minecraft.server.MinecraftServer]: Stopping server
[08:34:40] [Server thread/INFO] [net.minecraft.server.MinecraftServer]: Saving worlds
[08:34:40] [Server thread/INFO] [FML]: The state engine was in incorrect state CONSTRUCTING and forced into state SERVER_STOPPED. Errors may have been discarded.
[08:34:40] [Server Shutdown Thread/INFO] [net.minecraft.server.MinecraftServer]: Stopping server
[08:34:40] [Server Shutdown Thread/INFO] [net.minecraft.server.MinecraftServer]: Saving worlds
